102.10.21 14:49 A C:\All Projects\CityVideography\about.htm --> npsis.com /public_html/images about.htm
102.10.21 14:49 A C:\All Projects\CityVideography\services.htm --> npsis.com /public_html/images services.htm
102.10.21 14:49 A C:\All Projects\CityVideography\contact.htm --> npsis.com /public_html/images contact.htm
102.10.22 08:11 A C:\All Projects\CityVideography\about.htm --> npsis.com /public_html about.htm
102.10.22 08:11 A C:\All Projects\CityVideography\services.htm --> npsis.com /public_html services.htm
102.10.22 08:11 A C:\All Projects\CityVideography\contact.htm --> npsis.com /public_html contact.htm
102.11.04 07:39 A C:\All Projects\CityVideography\services.htm --> npsis.com /public_html services.htm
102.11.04 07:39 A C:\All Projects\CityVideography\contact.htm --> npsis.com /public_html contact.htm
102.11.04 07:39 A C:\All Projects\CityVideography\about.htm --> npsis.com /public_html about.htm
102.11.04 07:41 A C:\All Projects\CityVideography\services.htm --> npsis.com /public_html services.htm
102.11.04 07:41 A C:\All Projects\CityVideography\contact.htm --> npsis.com /public_html contact.htm
102.11.04 07:41 A C:\All Projects\CityVideography\about.htm --> npsis.com /public_html about.htm
103.01.13 16:30 A C:\All Projects\CityVideography\weddings.html --> npsis.com /public_html weddings.html
103.01.13 16:30 A C:\All Projects\CityVideography\pricing.htm --> npsis.com /public_html pricing.htm
103.01.13 16:31 A C:\All Projects\CityVideography\services.htm --> npsis.com /public_html services.htm
103.01.13 16:31 A C:\All Projects\CityVideography\contact.htm --> npsis.com /public_html contact.htm
103.01.13 16:31 A C:\All Projects\CityVideography\about.htm --> npsis.com /public_html about.htm
103.01.13 16:31 B C:\All Projects\CityVideography\servlaytest.html --> npsis.com /public_html servlaytest.html
103.01.13 16:31 B C:\All Projects\CityVideography\contlaytest.html --> npsis.com /public_html contlaytest.html
103.01.13 16:31 B C:\All Projects\CityVideography\pricelaytest.html --> npsis.com /public_html pricelaytest.html
103.01.13 16:32 B C:\All Projects\CityVideography\introtest.swf --> npsis.com /public_html introtest.swf
103.01.13 16:33 B C:\All Projects\CityVideography\index.html --> npsis.com /public_html index.html
103.05.15 16:30 A C:\All Projects\CityVideography\services.htm --> ftp.npsis.com /public_html services.htm
103.05.15 16:33 A C:\All Projects\CityVideography\services.htm --> ftp.npsis.com /public_html services.htm
103.05.16 13:34 A C:\All Projects\CityVideography\error.htm --> ftp.npsis.com /public_html error.htm
103.05.16 13:34 A C:\All Projects\CityVideography\thanks.htm --> ftp.npsis.com /public_html thanks.htm
103.05.16 13:34 A C:\All Projects\CityVideography\contform.htm --> ftp.npsis.com /public_html contform.htm
103.05.16 13:38 A C:\All Projects\CityVideography\contform.htm --> ftp.npsis.com /public_html contform.htm
103.05.16 13:42 A C:\All Projects\CityVideography\contform.htm --> ftp.npsis.com /public_html contform.htm
103.05.16 13:47 A C:\All Projects\CityVideography\contform.htm --> ftp.npsis.com /public_html contform.htm
103.05.16 13:50 A C:\All Projects\CityVideography\contform.htm --> ftp.npsis.com /public_html contform.htm
103.05.16 13:51 A C:\All Projects\CityVideography\contform.htm --> ftp.npsis.com /public_html contform.htm
103.05.16 13:51 A C:\All Projects\CityVideography\contact.htm --> ftp.npsis.com /public_html contact.htm
103.05.16 13:53 A C:\All Projects\CityVideography\pricing.htm --> ftp.npsis.com /public_html pricing.htm
103.05.16 13:53 A C:\All Projects\CityVideography\pricing.htm --> ftp.npsis.com /public_html pricing.htm
103.05.16 13:56 A C:\All Projects\CityVideography\contform.htm --> ftp.npsis.com /public_html contform.htm
103.06.10 12:54 A C:\All Projects\CityVideography\contact.htm --> ftp.npsis.com /public_html contact.htm
103.07.15 15:32 A C:\All Projects\CityVideography\services.htm --> ftp.npsis.com /public_html services.htm
103.07.15 15:32 A C:\All Projects\CityVideography\weddings.html --> ftp.npsis.com /public_html weddings.html
103.07.17 09:01 A C:\All Projects\CityVideography\weddings.html --> ftp.npsis.com /public_html weddings.html
